# Aste started: 2011-03-04 15:27:50
# Host id: Boogiebox
# [2011-03-04 15:30:06] SpecSharp revision: 63083
# [2011-03-04 15:31:02] Boogie revision: 63080
# [2011-03-04 15:31:32] SscBoogie revision: 62594
[2011-03-04 15:32:55] C:\Program Files (x86)\Microsoft Visual Studio 10.0\Common7\IDE\devenv.com Boogie.sln /Build Debug

    D:\Temp\aste\Boogie\Source\Core\AbsyType.cs(825,16): warning CS0659: 'Microsoft.Boogie.BasicType' overrides Object.Equals(object o) but does not override Object.GetHashCode()
    D:\Temp\aste\Boogie\Source\Core\AbsyType.cs(2804,16): warning CS0659: 'Microsoft.Boogie.CtorType' overrides Object.Equals(object o) but does not override Object.GetHashCode()
    D:\Temp\aste\Boogie\Source\Core\OOLongUtil.cs(109,7): warning CS0162: Unreachable code detected
    D:\Temp\aste\Boogie\Source\AbsInt\ExprFactories.cs(111,7): warning CS0162: Unreachable code detected
    D:\Temp\aste\Boogie\Source\AbsInt\ExprFactories.cs(290,7): warning CS0162: Unreachable code detected
    D:\Temp\aste\Boogie\Source\AbsInt\ExprFactories.cs(309,7): warning CS0162: Unreachable code detected
    warning CS0659
    warning CS0659
    warning CS0162
    warning CS0162
    warning CS0162
    warning CS0162
[2011-03-04 15:47:21] 4 out of 30 test(s) in D:\Temp\aste\Boogie\Test\alltests.txt failed
['test15', 'lazyinline', 'stratifiedinline', 'extractloops']
# [2011-03-04 15:48:12] Released nightly of Boogie
[2011-03-04 15:48:19] [Error] Error message:
  C:\Program Files (x86)\Microsoft Visual Studio 9.0\VC\bin\nmake.exe
  BOOGIEROOT=D:\Temp\aste\Boogie failed with return code 2


  returncode=2
  cmd=C:\Program Files (x86)\Microsoft Visual Studio 9.0\VC\bin\nmake.exe
      BOOGIEROOT=D:\Temp\aste\Boogie

